2024-10-30 14:44:35,873 - __main__ - INFO - Logging success for user: vidalgaston92@gmail.com
2024-10-30 14:44:46,270 - __main__ - INFO - WOD SUNDAY was booked succesfully!
2024-10-31 07:12:19,963 - __main__ - INFO - Logging success for user: vidalgaston92@gmail.com
2024-10-31 07:12:30,284 - __main__ - INFO - WOD was booked succesfully!
2024-11-01 07:12:02,293 - __main__ - INFO - Logging success for user: vidalgaston92@gmail.com
2024-11-01 07:12:12,288 - __main__ - INFO - WEIGHTLIFTING was booked succesfully!
2024-11-02 07:10:44,065 - __main__ - INFO - Logging success for user: vidalgaston92@gmail.com
2024-11-02 07:10:54,053 - __main__ - INFO - ENDURANCE was booked succesfully!
2024-11-03 07:11:17,059 - __main__ - INFO - Logging success for user: vidalgaston92@gmail.com
2024-11-03 07:11:27,214 - __main__ - INFO - WOD was booked succesfully!
2024-11-04 07:12:49,814 - __main__ - INFO - Logging success for user: vidalgaston92@gmail.com
2024-11-04 07:12:59,882 - __main__ - INFO - WOD was booked succesfully!
2024-11-05 11:18:34,284 - __main__ - INFO - Logging success for user: vidalgaston92@gmail.com
2024-11-05 11:18:44,238 - __main__ - INFO - SUPERWOD was booked succesfully!
2024-11-06 07:11:59,910 - __main__ - INFO - Logging success for user: vidalgaston92@gmail.com
2024-11-06 07:12:10,000 - __main__ - INFO - WOD SUNDAY was booked succesfully!
2024-11-06 11:19:40,140 - __main__ - INFO - Logging success for user: vidalgaston92@gmail.com
2024-11-06 11:19:51,270 - __main__ - INFO - WOD SUNDAY was booked succesfully!
2024-11-06 16:41:07,572 - __main__ - INFO - Logging success for user: vidalgaston92@gmail.com
2024-11-06 16:41:17,770 - __main__ - INFO - WOD SUNDAY was booked succesfully!
2024-11-07 06:21:02,153 - __main__ - INFO - Logging success for user: vidalgaston92@gmail.com
2024-11-07 06:21:12,269 - __main__ - INFO - WOD was booked succesfully!
2024-11-08 06:21:39,869 - __main__ - INFO - Logging success for user: vidalgaston92@gmail.com
2024-11-08 06:21:49,951 - __main__ - INFO - WEIGHTLIFTING was booked succesfully!
2024-11-09 06:19:28,474 - __main__ - INFO - Logging success for user: vidalgaston92@gmail.com
2024-11-09 06:19:38,542 - __main__ - INFO - ENDURANCE was booked succesfully!
2024-11-12 10:23:40,595 - __main__ - INFO - Logging success for user: vidalgaston92@gmail.com
2024-11-12 10:23:50,489 - __main__ - INFO - SUPERWOD was booked succesfully!
2024-11-13 06:21:48,736 - __main__ - INFO - Logging success for user: vidalgaston92@gmail.com
2024-11-13 06:21:59,030 - __main__ - INFO - WOD SUNDAY was booked succesfully!
2024-11-13 10:23:44,682 - __main__ - INFO - Logging success for user: vidalgaston92@gmail.com
2024-11-13 10:23:54,895 - __main__ - INFO - WOD SUNDAY was booked succesfully!
2024-11-14 06:22:38,622 - __main__ - INFO - Logging success for user: vidalgaston92@gmail.com
2024-11-14 06:22:48,777 - __main__ - INFO - WOD was booked succesfully!
2024-11-15 06:26:03,639 - __main__ - INFO - Logging success for user: vidalgaston92@gmail.com
2024-11-15 06:26:14,621 - __main__ - INFO - WEIGHTLIFTING was booked succesfully!
2024-11-16 06:21:11,204 - __main__ - INFO - Logging success for user: vidalgaston92@gmail.com
2024-11-16 06:21:21,518 - __main__ - INFO - ENDURANCE was booked succesfully!
2024-11-17 06:21:33,168 - __main__ - INFO - Logging success for user: vidalgaston92@gmail.com
2024-11-17 06:21:43,221 - __main__ - INFO - WOD was booked succesfully!
2024-11-18 06:24:27,805 - __main__ - INFO - Logging success for user: vidalgaston92@gmail.com
2024-11-18 06:24:37,963 - __main__ - INFO - WOD was booked succesfully!
2024-11-20 06:22:53,468 - __main__ - INFO - Logging success for user: vidalgaston92@gmail.com
2024-11-20 06:23:03,681 - __main__ - INFO - WOD SUNDAY was booked succesfully!
2024-11-20 10:25:39,289 - __main__ - INFO - Logging success for user: vidalgaston92@gmail.com
2024-11-20 10:25:49,453 - __main__ - INFO - WOD SUNDAY was booked succesfully!
